2025-11-12 08:09:27,628 - INFO - Inizializzazione Order_layer_graph per Scavo archeologico - 1
2025-11-12 08:09:27,934 - INFO - Avvio caricamento dati dal database...
2025-11-12 08:09:27,967 - INFO - Tipo database rilevato: SQLite
2025-11-12 08:09:27,978 - DEBUG - Esecuzione query: 
            SELECT us, rapporti 
            FROM us_table 
            WHERE sito = 'Scavo archeologico' AND area = '1'
            
2025-11-12 08:09:27,999 - DEBUG - Caricate 50 US...
2025-11-12 08:09:28,008 - INFO - Completato: caricate 51 US dal database
2025-11-12 08:09:28,012 - INFO - Costruzione del grafo stratigrafico...
2025-11-12 08:09:28,016 - DEBUG - Aggiunta relazione: 2 -> 1 (Copre)
2025-11-12 08:09:28,028 - DEBUG - Aggiunta relazione: 8 -> 1 (Copre)
2025-11-12 08:09:28,035 - DEBUG - Aggiunta relazione: 3 -> 2 (Copre)
2025-11-12 08:09:28,038 - DEBUG - Aggiunta relazione: 10 -> 3 (Copre)
2025-11-12 08:09:28,047 - DEBUG - Aggiunta relazione: 11 -> 3 (Copre)
2025-11-12 08:09:28,051 - DEBUG - Aggiunta relazione: 12 -> 3 (Copre)
2025-11-12 08:09:28,052 - DEBUG - Aggiunta relazione: 14 -> 3 (Copre)
2025-11-12 08:09:28,053 - DEBUG - Aggiunta relazione: 16 -> 3 (Copre)
2025-11-12 08:09:28,053 - DEBUG - Aggiunta relazione: 4 -> 3 (Copre)
2025-11-12 08:09:28,053 - DEBUG - Aggiunta relazione: 5 -> 3 (Copre)
2025-11-12 08:09:28,054 - DEBUG - Aggiunta relazione: 6 -> 3 (Copre)
2025-11-12 08:09:28,054 - DEBUG - Aggiunta relazione: 9 -> 3 (Copre)
2025-11-12 08:09:28,055 - DEBUG - Aggiunta relazione: 17 -> 4 (Copre)
2025-11-12 08:09:28,055 - DEBUG - Aggiunta relazione: 18 -> 4 (Copre)
2025-11-12 08:09:28,056 - DEBUG - Aggiunta relazione: 19 -> 4 (Copre)
2025-11-12 08:09:28,057 - DEBUG - Aggiunta relazione: 20 -> 4 (Copre)
2025-11-12 08:09:28,057 - DEBUG - Aggiunta relazione: 23 -> 4 (Copre)
2025-11-12 08:09:28,058 - DEBUG - Aggiunta relazione: 25 -> 4 (Copre)
2025-11-12 08:09:28,058 - DEBUG - Aggiunta relazione: 27 -> 4 (Copre)
2025-11-12 08:09:28,061 - DEBUG - Aggiunta relazione: 5 -> 4 (Copre)
2025-11-12 08:09:28,063 - DEBUG - Aggiunta relazione: 21 -> 4 (Riempie)
2025-11-12 08:09:28,066 - DEBUG - Aggiunta relazione: 6 -> 4 (Si appoggia a)
2025-11-12 08:09:28,069 - DEBUG - Aggiunta relazione: 29 -> 5 (Copre)
2025-11-12 08:09:28,071 - DEBUG - Aggiunta relazione: 32 -> 5 (Copre)
2025-11-12 08:09:28,072 - DEBUG - Aggiunta relazione: 6 -> 5 (Si appoggia a)
2025-11-12 08:09:28,081 - DEBUG - Aggiunta relazione: 2 -> 7 (Taglia)
2025-11-12 08:09:28,086 - DEBUG - Aggiunta relazione: 7 -> 8 (Riempie)
2025-11-12 08:09:28,087 - DEBUG - Aggiunta relazione: 4 -> 9 (Copre)
2025-11-12 08:09:28,089 - DEBUG - Aggiunta relazione: 11 -> 10 (Copre)
2025-11-12 08:09:28,098 - DEBUG - Aggiunta relazione: 4 -> 11 (Copre)
2025-11-12 08:09:28,104 - DEBUG - Aggiunta relazione: 6 -> 12 (Si appoggia a)
2025-11-12 08:09:28,106 - DEBUG - Aggiunta relazione: 18 -> 13 (Taglia)
2025-11-12 08:09:28,116 - DEBUG - Aggiunta relazione: 4 -> 13 (Taglia)
2025-11-12 08:09:28,120 - DEBUG - Aggiunta relazione: 13 -> 14 (Riempie)
2025-11-12 08:09:28,122 - DEBUG - Aggiunta relazione: 4 -> 15 (Taglia)
2025-11-12 08:09:28,124 - DEBUG - Aggiunta relazione: 15 -> 16 (Riempie)
2025-11-12 08:09:28,126 - DEBUG - Aggiunta relazione: 30 -> 17 (Copre)
2025-11-12 08:09:28,127 - DEBUG - Aggiunta relazione: 5 -> 17 (Copre)
2025-11-12 08:09:28,129 - DEBUG - Aggiunta relazione: 28 -> 17 (Riempie)
2025-11-12 08:09:28,130 - DEBUG - Aggiunta relazione: 29 -> 18 (Copre)
2025-11-12 08:09:28,138 - DEBUG - Aggiunta relazione: 31 -> 18 (Copre)
2025-11-12 08:09:28,141 - DEBUG - Aggiunta relazione: 19 -> 18 (Si appoggia a)
2025-11-12 08:09:28,144 - DEBUG - Aggiunta relazione: 5 -> 18 (Si appoggia a)
2025-11-12 08:09:28,145 - DEBUG - Aggiunta relazione: 6 -> 18 (Si appoggia a)
2025-11-12 08:09:28,147 - DEBUG - Aggiunta relazione: 19 -> 20 (Si appoggia a)
2025-11-12 08:09:28,156 - DEBUG - Aggiunta relazione: 18 -> 21 (Taglia)
2025-11-12 08:09:28,160 - DEBUG - Aggiunta relazione: 18 -> 22 (Taglia)
2025-11-12 08:09:28,161 - DEBUG - Aggiunta relazione: 22 -> 23 (Riempie)
2025-11-12 08:09:28,163 - DEBUG - Aggiunta relazione: 18 -> 24 (Taglia)
2025-11-12 08:09:28,164 - DEBUG - Aggiunta relazione: 24 -> 25 (Riempie)
2025-11-12 08:09:28,173 - DEBUG - Aggiunta relazione: 18 -> 26 (Taglia)
2025-11-12 08:09:28,177 - DEBUG - Aggiunta relazione: 26 -> 27 (Riempie)
2025-11-12 08:09:28,179 - DEBUG - Aggiunta relazione: 30 -> 28 (Taglia)
2025-11-12 08:09:28,180 - DEBUG - Aggiunta relazione: 32 -> 28 (Taglia)
2025-11-12 08:09:28,189 - DEBUG - Aggiunta relazione: 5 -> 28 (Taglia)
2025-11-12 08:09:28,192 - DEBUG - Aggiunta relazione: 31 -> 29 (Copre)
2025-11-12 08:09:28,194 - DEBUG - Aggiunta relazione: 33 -> 29 (Copre)
2025-11-12 08:09:28,195 - DEBUG - Aggiunta relazione: 34 -> 29 (Copre)
2025-11-12 08:09:28,197 - DEBUG - Aggiunta relazione: 18 -> 30 (Copre)
2025-11-12 08:09:28,198 - DEBUG - Aggiunta relazione: 33 -> 31 (Copre)
2025-11-12 08:09:28,200 - DEBUG - Aggiunta relazione: 34 -> 31 (Copre)
2025-11-12 08:09:28,202 - DEBUG - Aggiunta relazione: 35 -> 31 (Copre)
2025-11-12 08:09:28,203 - DEBUG - Aggiunta relazione: 36 -> 31 (Copre)
2025-11-12 08:09:28,205 - DEBUG - Aggiunta relazione: 29 -> 32 (Copre)
2025-11-12 08:09:28,206 - DEBUG - Aggiunta relazione: 6 -> 32 (Si appoggia a)
2025-11-12 08:09:28,209 - DEBUG - Aggiunta relazione: 35 -> 33 (Copre)
2025-11-12 08:09:28,210 - DEBUG - Aggiunta relazione: 36 -> 33 (Copre)
2025-11-12 08:09:28,211 - DEBUG - Aggiunta relazione: 38 -> 33 (Copre)
2025-11-12 08:09:28,213 - DEBUG - Aggiunta relazione: 37 -> 33 (Riempie)
2025-11-12 08:09:28,215 - DEBUG - Aggiunta relazione: 33 -> 34 (Copre)
2025-11-12 08:09:28,217 - DEBUG - Aggiunta relazione: 35 -> 34 (Copre)
2025-11-12 08:09:28,218 - DEBUG - Aggiunta relazione: 36 -> 34 (Copre)
2025-11-12 08:09:28,220 - DEBUG - Aggiunta relazione: 38 -> 35 (Copre)
2025-11-12 08:09:28,221 - DEBUG - Aggiunta relazione: 36 -> 35 (Si appoggia a)
2025-11-12 08:09:28,223 - DEBUG - Aggiunta relazione: 38 -> 36 (Taglia)
2025-11-12 08:09:28,225 - DEBUG - Aggiunta relazione: 39 -> 36 (Taglia)
2025-11-12 08:09:28,226 - DEBUG - Aggiunta relazione: 35 -> 37 (Taglia)
2025-11-12 08:09:28,228 - DEBUG - Aggiunta relazione: 36 -> 37 (Taglia)
2025-11-12 08:09:28,229 - DEBUG - Aggiunta relazione: 38 -> 37 (Taglia)
2025-11-12 08:09:28,230 - DEBUG - Aggiunta relazione: 39 -> 37 (Taglia)
2025-11-12 08:09:28,239 - DEBUG - Aggiunta relazione: 38 -> 39 (Copre)
2025-11-12 08:09:28,242 - DEBUG - Aggiunta relazione: 900 -> 104 (>>)
2025-11-12 08:09:28,243 - DEBUG - Aggiunta relazione: 400 -> 106 (>>)
2025-11-12 08:09:28,245 - DEBUG - Aggiunta relazione: 800 -> 106 (>>)
2025-11-12 08:09:28,246 - DEBUG - Aggiunta relazione: 4001 -> 400 (>>)
2025-11-12 08:09:28,248 - DEBUG - Aggiunta relazione: 4002 -> 400 (>>)
2025-11-12 08:09:28,250 - DEBUG - Aggiunta relazione: 400 -> 800 (>>)
2025-11-12 08:09:28,251 - DEBUG - Aggiunta relazione: 402 -> 900 (>>)
2025-11-12 08:09:28,253 - DEBUG - Aggiunta relazione: 29 -> 402 (>>)
2025-11-12 08:09:28,254 - INFO - Grafo costruito: 51 nodi, 89 archi, 89 relazioni totali
2025-11-12 08:09:28,256 - INFO - Ricerca cicli nel grafo...
2025-11-12 08:09:28,258 - INFO - Nessun ciclo trovato nel grafo
2025-11-12 08:09:28,260 - INFO - Inizio calcolo sequenza stratigrafica...
2025-11-12 08:09:28,262 - INFO - Inizio calcolo sequenza stratigrafica...
2025-11-12 08:09:28,263 - INFO - DEBUG MAIN: Prima di chiamare topological_sort. all_us=51
2025-11-12 08:09:28,265 - INFO - US di base (senza predecessori): ['102', '103', '19', '300', '38', '4001', '4002', '500', '6']
2025-11-12 08:09:28,268 - DEBUG - Livello 0: 102, 103, 19, 300, 38, 4001, 4002, 500, 6
2025-11-12 08:09:28,270 - DEBUG - Livello 1: 12, 20, 39, 400
2025-11-12 08:09:28,272 - DEBUG - Livello 2: 36, 800
2025-11-12 08:09:28,274 - DEBUG - Livello 3: 106, 35
2025-11-12 08:09:28,276 - DEBUG - Livello 4: 37
2025-11-12 08:09:28,278 - DEBUG - Livello 5: 33
2025-11-12 08:09:28,280 - DEBUG - Livello 6: 34
2025-11-12 08:09:28,282 - DEBUG - Livello 7: 31
2025-11-12 08:09:28,284 - DEBUG - Livello 8: 29
2025-11-12 08:09:28,285 - DEBUG - Livello 9: 32, 402
2025-11-12 08:09:28,287 - DEBUG - Livello 10: 5, 900
2025-11-12 08:09:28,289 - DEBUG - Livello 11: 104, 18
2025-11-12 08:09:28,291 - DEBUG - Livello 12: 21, 22, 24, 26, 30
2025-11-12 08:09:28,293 - DEBUG - Livello 13: 23, 25, 27, 28
2025-11-12 08:09:28,295 - DEBUG - Livello 14: 17
2025-11-12 08:09:28,296 - DEBUG - Livello 15: 4
2025-11-12 08:09:28,298 - DEBUG - Livello 16: 11, 13, 15, 9
2025-11-12 08:09:28,300 - DEBUG - Livello 17: 10, 14, 16
2025-11-12 08:09:28,301 - DEBUG - Livello 18: 3
2025-11-12 08:09:28,303 - DEBUG - Livello 19: 2
2025-11-12 08:09:28,304 - DEBUG - Livello 20: 7
2025-11-12 08:09:28,306 - DEBUG - Livello 21: 8
2025-11-12 08:09:28,308 - DEBUG - Livello 22: 1
2025-11-12 08:09:28,309 - INFO - DEBUG MAIN: Dopo topological_sort. levels type=<class 'list'>, is None=False
2025-11-12 08:09:28,310 - INFO - DEBUG MAIN: levels length=23
2025-11-12 08:09:28,312 - INFO - DEBUG MAIN: generated_levels exists, length=0
2025-11-12 08:09:28,313 - INFO - Matrix generato con successo: 23 livelli
2025-11-12 08:09:28,314 - INFO - Preparazione risultati finali...
2025-11-12 08:09:28,316 - INFO - Matrix completato: 23 livelli, 51 US
2025-11-12 08:09:28,317 - INFO - === RISULTATI FINALI ===
2025-11-12 08:09:28,318 - INFO - Livello 0: 102, 103, 19, 300, 38, 4001, 4002, 500, 6
2025-11-12 08:09:28,320 - INFO - Livello 1: 12, 20, 39, 400
2025-11-12 08:09:28,321 - INFO - Livello 2: 36, 800
2025-11-12 08:09:28,322 - INFO - Livello 3: 106, 35
2025-11-12 08:09:28,329 - INFO - Livello 4: 37
2025-11-12 08:09:28,331 - INFO - Livello 5: 33
2025-11-12 08:09:28,333 - INFO - Livello 6: 34
2025-11-12 08:09:28,334 - INFO - Livello 7: 31
2025-11-12 08:09:28,336 - INFO - Livello 8: 29
2025-11-12 08:09:28,337 - INFO - Livello 9: 32, 402
2025-11-12 08:09:28,338 - INFO - Livello 10: 5, 900
2025-11-12 08:09:28,339 - INFO - Livello 11: 104, 18
2025-11-12 08:09:28,345 - INFO - Livello 12: 21, 22, 24, 26, 30
2025-11-12 08:09:28,347 - INFO - Livello 13: 23, 25, 27, 28
2025-11-12 08:09:28,354 - INFO - Livello 14: 17
2025-11-12 08:09:28,356 - INFO - Livello 15: 4
2025-11-12 08:09:28,363 - INFO - Livello 16: 11, 13, 15, 9
2025-11-12 08:09:28,365 - INFO - Livello 17: 10, 14, 16
2025-11-12 08:09:28,371 - INFO - Livello 18: 3
2025-11-12 08:09:28,373 - INFO - Livello 19: 2
2025-11-12 08:09:28,380 - INFO - Livello 20: 7
2025-11-12 08:09:28,382 - INFO - Livello 21: 8
2025-11-12 08:09:28,388 - INFO - Livello 22: 1
2025-11-12 08:09:28,390 - INFO - Matrix calcolato con successo. Pronto per aggiornamento database.
2025-11-12 08:09:28,399 - INFO - === INIZIO AGGIORNAMENTO DATABASE ===
2025-11-12 08:09:28,401 - DEBUG - Aggiornamento livello 0: 9 US
2025-11-12 08:09:28,580 - DEBUG - Aggiornamento livello 1: 4 US
2025-11-12 08:09:28,602 - DEBUG - Aggiornate 10 US...
2025-11-12 08:09:28,662 - DEBUG - Aggiornamento livello 2: 2 US
2025-11-12 08:09:28,703 - DEBUG - Aggiornamento livello 3: 2 US
2025-11-12 08:09:28,746 - DEBUG - Aggiornamento livello 4: 1 US
2025-11-12 08:09:28,769 - DEBUG - Aggiornamento livello 5: 1 US
2025-11-12 08:09:28,792 - DEBUG - Aggiornamento livello 6: 1 US
2025-11-12 08:09:28,815 - DEBUG - Aggiornate 20 US...
2025-11-12 08:09:28,817 - DEBUG - Aggiornamento livello 7: 1 US
2025-11-12 08:09:28,838 - DEBUG - Aggiornamento livello 8: 1 US
2025-11-12 08:09:28,860 - DEBUG - Aggiornamento livello 9: 2 US
2025-11-12 08:09:28,901 - DEBUG - Aggiornamento livello 10: 2 US
2025-11-12 08:09:28,942 - DEBUG - Aggiornamento livello 11: 2 US
2025-11-12 08:09:28,984 - DEBUG - Aggiornamento livello 12: 5 US
2025-11-12 08:09:29,025 - DEBUG - Aggiornate 30 US...
2025-11-12 08:09:29,085 - DEBUG - Aggiornamento livello 13: 4 US
2025-11-12 08:09:29,164 - DEBUG - Aggiornamento livello 14: 1 US
2025-11-12 08:09:29,185 - DEBUG - Aggiornamento livello 15: 1 US
2025-11-12 08:09:29,207 - DEBUG - Aggiornamento livello 16: 4 US
2025-11-12 08:09:29,229 - DEBUG - Aggiornate 40 US...
2025-11-12 08:09:29,289 - DEBUG - Aggiornamento livello 17: 3 US
2025-11-12 08:09:29,349 - DEBUG - Aggiornamento livello 18: 1 US
2025-11-12 08:09:29,371 - DEBUG - Aggiornamento livello 19: 1 US
2025-11-12 08:09:29,392 - DEBUG - Aggiornamento livello 20: 1 US
2025-11-12 08:09:29,414 - DEBUG - Aggiornamento livello 21: 1 US
2025-11-12 08:09:29,436 - DEBUG - Aggiornate 50 US...
2025-11-12 08:09:29,438 - DEBUG - Aggiornamento livello 22: 1 US
2025-11-12 08:09:29,459 - INFO - === AGGIORNAMENTO COMPLETATO ===
2025-11-12 08:09:29,462 - INFO - US aggiornate: 51
